<?xml version="1.0" encoding="UTF-8"?>
<testsuite xmlns:xsi="http://www.w3.org/2001/XMLSchema-instance" xsi:noNamespaceSchemaLocation="https://maven.apache.org/surefire/maven-surefire-plugin/xsd/surefire-test-report-3.0.xsd" version="3.0" name="org.ln.noortools.service.TagProcessorServiceIntegrationTest" time="2.16" tests="3" errors="0" skipped="0" failures="0">
  <properties>
    <property name="java.specification.version" value="21"/>
    <property name="sun.jnu.encoding" value="UTF-8"/>
    <property name="java.class.path" value="/home/luke/workspace/Noortools/target/test-classes:/home/luke/workspace/Noortools/target/classes:/home/luke/.m2/repository/org/springframework/boot/spring-boot-starter/3.5.7/spring-boot-starter-3.5.7.jar:/home/luke/.m2/repository/org/springframework/boot/spring-boot/3.5.7/spring-boot-3.5.7.jar:/home/luke/.m2/repository/org/springframework/spring-context/6.2.12/spring-context-6.2.12.jar:/home/luke/.m2/repository/org/springframework/spring-aop/6.2.12/spring-aop-6.2.12.jar:/home/luke/.m2/repository/org/springframework/spring-beans/6.2.12/spring-beans-6.2.12.jar:/home/luke/.m2/repository/org/springframework/spring-expression/6.2.12/spring-expression-6.2.12.jar:/home/luke/.m2/repository/io/micrometer/micrometer-observation/1.14.12/micrometer-observation-1.14.12.jar:/home/luke/.m2/repository/io/micrometer/micrometer-commons/1.14.12/micrometer-commons-1.14.12.jar:/home/luke/.m2/repository/org/springframework/boot/spring-boot-autoconfigure/3.5.7/spring-boot-autoconfigure-3.5.7.jar:/home/luke/.m2/repository/jakarta/annotation/jakarta.annotation-api/2.1.1/jakarta.annotation-api-2.1.1.jar:/home/luke/.m2/repository/org/springframework/spring-core/6.2.12/spring-core-6.2.12.jar:/home/luke/.m2/repository/org/springframework/spring-jcl/6.2.12/spring-jcl-6.2.12.jar:/home/luke/.m2/repository/org/yaml/snakeyaml/2.4/snakeyaml-2.4.jar:/home/luke/.m2/repository/org/springframework/boot/spring-boot-starter-logging/3.5.7/spring-boot-starter-logging-3.5.7.jar:/home/luke/.m2/repository/ch/qos/logback/logback-classic/1.5.20/logback-classic-1.5.20.jar:/home/luke/.m2/repository/ch/qos/logback/logback-core/1.5.20/logback-core-1.5.20.jar:/home/luke/.m2/repository/org/slf4j/slf4j-api/2.0.17/slf4j-api-2.0.17.jar:/home/luke/.m2/repository/org/apache/logging/log4j/log4j-to-slf4j/2.24.3/log4j-to-slf4j-2.24.3.jar:/home/luke/.m2/repository/org/apache/logging/log4j/log4j-api/2.24.3/log4j-api-2.24.3.jar:/home/luke/.m2/repository/org/slf4j/jul-to-slf4j/2.0.17/jul-to-slf4j-2.0.17.jar:/home/luke/.m2/repository/org/springframework/boot/spring-boot-configuration-processor/3.5.7/spring-boot-configuration-processor-3.5.7.jar:/home/luke/.m2/repository/org/springframework/boot/spring-boot-starter-test/3.5.7/spring-boot-starter-test-3.5.7.jar:/home/luke/.m2/repository/org/springframework/boot/spring-boot-test/3.5.7/spring-boot-test-3.5.7.jar:/home/luke/.m2/repository/org/springframework/boot/spring-boot-test-autoconfigure/3.5.7/spring-boot-test-autoconfigure-3.5.7.jar:/home/luke/.m2/repository/com/jayway/jsonpath/json-path/2.9.0/json-path-2.9.0.jar:/home/luke/.m2/repository/jakarta/xml/bind/jakarta.xml.bind-api/4.0.4/jakarta.xml.bind-api-4.0.4.jar:/home/luke/.m2/repository/jakarta/activation/jakarta.activation-api/2.1.4/jakarta.activation-api-2.1.4.jar:/home/luke/.m2/repository/net/minidev/json-smart/2.5.2/json-smart-2.5.2.jar:/home/luke/.m2/repository/net/minidev/accessors-smart/2.5.2/accessors-smart-2.5.2.jar:/home/luke/.m2/repository/org/ow2/asm/asm/9.7.1/asm-9.7.1.jar:/home/luke/.m2/repository/org/assertj/assertj-core/3.27.6/assertj-core-3.27.6.jar:/home/luke/.m2/repository/org/awaitility/awaitility/4.2.2/awaitility-4.2.2.jar:/home/luke/.m2/repository/org/hamcrest/hamcrest/3.0/hamcrest-3.0.jar:/home/luke/.m2/repository/org/skyscreamer/jsonassert/1.5.3/jsonassert-1.5.3.jar:/home/luke/.m2/repository/com/vaadin/external/google/android-json/0.0.20131108.vaadin1/android-json-0.0.20131108.vaadin1.jar:/home/luke/.m2/repository/org/springframework/spring-test/6.2.12/spring-test-6.2.12.jar:/home/luke/.m2/repository/org/xmlunit/xmlunit-core/2.10.4/xmlunit-core-2.10.4.jar:/home/luke/.m2/repository/org/jaudiotagger/2.0.3/jaudiotagger-2.0.3.jar:/home/luke/.m2/repository/com/drewnoakes/metadata-extractor/2.19.0/metadata-extractor-2.19.0.jar:/home/luke/.m2/repository/com/adobe/xmp/xmpcore/6.1.11/xmpcore-6.1.11.jar:/home/luke/.m2/repository/com/miglayout/miglayout-swing/11.3/miglayout-swing-11.3.jar:/home/luke/.m2/repository/com/miglayout/miglayout-core/11.3/miglayout-core-11.3.jar:/home/luke/.m2/repository/com/formdev/flatlaf/3.6.2/flatlaf-3.6.2.jar:/home/luke/.m2/repository/org/reflections/reflections/0.10.2/reflections-0.10.2.jar:/home/luke/.m2/repository/org/javassist/javassist/3.28.0-GA/javassist-3.28.0-GA.jar:/home/luke/.m2/repository/com/google/code/findbugs/jsr305/3.0.2/jsr305-3.0.2.jar:/home/luke/.m2/repository/org/junit/jupiter/junit-jupiter/5.12.0/junit-jupiter-5.12.0.jar:/home/luke/.m2/repository/org/junit/jupiter/junit-jupiter-api/5.12.0/junit-jupiter-api-5.12.0.jar:/home/luke/.m2/repository/org/opentest4j/opentest4j/1.3.0/opentest4j-1.3.0.jar:/home/luke/.m2/repository/org/junit/platform/junit-platform-commons/1.12.0/junit-platform-commons-1.12.0.jar:/home/luke/.m2/repository/org/apiguardian/apiguardian-api/1.1.2/apiguardian-api-1.1.2.jar:/home/luke/.m2/repository/org/junit/jupiter/junit-jupiter-params/5.12.0/junit-jupiter-params-5.12.0.jar:/home/luke/.m2/repository/org/junit/jupiter/junit-jupiter-engine/5.12.0/junit-jupiter-engine-5.12.0.jar:/home/luke/.m2/repository/org/junit/platform/junit-platform-engine/1.12.0/junit-platform-engine-1.12.0.jar:/home/luke/.m2/repository/org/mockito/mockito-core/5.14.2/mockito-core-5.14.2.jar:/home/luke/.m2/repository/net/bytebuddy/byte-buddy/1.15.4/byte-buddy-1.15.4.jar:/home/luke/.m2/repository/net/bytebuddy/byte-buddy-agent/1.15.4/byte-buddy-agent-1.15.4.jar:/home/luke/.m2/repository/org/objenesis/objenesis/3.3/objenesis-3.3.jar:/home/luke/.m2/repository/org/mockito/mockito-junit-jupiter/5.14.2/mockito-junit-jupiter-5.14.2.jar:"/>
    <property name="java.vm.vendor" value="Ubuntu"/>
    <property name="sun.arch.data.model" value="64"/>
    <property name="java.vendor.url" value="https://ubuntu.com/"/>
    <property name="user.timezone" value="Europe/Rome"/>
    <property name="os.name" value="Linux"/>
    <property name="java.vm.specification.version" value="21"/>
    <property name="sun.java.launcher" value="SUN_STANDARD"/>
    <property name="user.country" value="IT"/>
    <property name="sun.boot.library.path" value="/usr/lib/jvm/java-21-openjdk-amd64/lib"/>
    <property name="sun.java.command" value="/home/luke/workspace/Noortools/target/surefire/surefirebooter-20251026001207561_3.jar /home/luke/workspace/Noortools/target/surefire 2025-10-26T00-12-07_465-jvmRun1 surefire-20251026001207561_1tmp surefire_0-20251026001207561_2tmp"/>
    <property name="jdk.debug" value="release"/>
    <property name="surefire.test.class.path" value="/home/luke/workspace/Noortools/target/test-classes:/home/luke/workspace/Noortools/target/classes:/home/luke/.m2/repository/org/springframework/boot/spring-boot-starter/3.5.7/spring-boot-starter-3.5.7.jar:/home/luke/.m2/repository/org/springframework/boot/spring-boot/3.5.7/spring-boot-3.5.7.jar:/home/luke/.m2/repository/org/springframework/spring-context/6.2.12/spring-context-6.2.12.jar:/home/luke/.m2/repository/org/springframework/spring-aop/6.2.12/spring-aop-6.2.12.jar:/home/luke/.m2/repository/org/springframework/spring-beans/6.2.12/spring-beans-6.2.12.jar:/home/luke/.m2/repository/org/springframework/spring-expression/6.2.12/spring-expression-6.2.12.jar:/home/luke/.m2/repository/io/micrometer/micrometer-observation/1.14.12/micrometer-observation-1.14.12.jar:/home/luke/.m2/repository/io/micrometer/micrometer-commons/1.14.12/micrometer-commons-1.14.12.jar:/home/luke/.m2/repository/org/springframework/boot/spring-boot-autoconfigure/3.5.7/spring-boot-autoconfigure-3.5.7.jar:/home/luke/.m2/repository/jakarta/annotation/jakarta.annotation-api/2.1.1/jakarta.annotation-api-2.1.1.jar:/home/luke/.m2/repository/org/springframework/spring-core/6.2.12/spring-core-6.2.12.jar:/home/luke/.m2/repository/org/springframework/spring-jcl/6.2.12/spring-jcl-6.2.12.jar:/home/luke/.m2/repository/org/yaml/snakeyaml/2.4/snakeyaml-2.4.jar:/home/luke/.m2/repository/org/springframework/boot/spring-boot-starter-logging/3.5.7/spring-boot-starter-logging-3.5.7.jar:/home/luke/.m2/repository/ch/qos/logback/logback-classic/1.5.20/logback-classic-1.5.20.jar:/home/luke/.m2/repository/ch/qos/logback/logback-core/1.5.20/logback-core-1.5.20.jar:/home/luke/.m2/repository/org/slf4j/slf4j-api/2.0.17/slf4j-api-2.0.17.jar:/home/luke/.m2/repository/org/apache/logging/log4j/log4j-to-slf4j/2.24.3/log4j-to-slf4j-2.24.3.jar:/home/luke/.m2/repository/org/apache/logging/log4j/log4j-api/2.24.3/log4j-api-2.24.3.jar:/home/luke/.m2/repository/org/slf4j/jul-to-slf4j/2.0.17/jul-to-slf4j-2.0.17.jar:/home/luke/.m2/repository/org/springframework/boot/spring-boot-configuration-processor/3.5.7/spring-boot-configuration-processor-3.5.7.jar:/home/luke/.m2/repository/org/springframework/boot/spring-boot-starter-test/3.5.7/spring-boot-starter-test-3.5.7.jar:/home/luke/.m2/repository/org/springframework/boot/spring-boot-test/3.5.7/spring-boot-test-3.5.7.jar:/home/luke/.m2/repository/org/springframework/boot/spring-boot-test-autoconfigure/3.5.7/spring-boot-test-autoconfigure-3.5.7.jar:/home/luke/.m2/repository/com/jayway/jsonpath/json-path/2.9.0/json-path-2.9.0.jar:/home/luke/.m2/repository/jakarta/xml/bind/jakarta.xml.bind-api/4.0.4/jakarta.xml.bind-api-4.0.4.jar:/home/luke/.m2/repository/jakarta/activation/jakarta.activation-api/2.1.4/jakarta.activation-api-2.1.4.jar:/home/luke/.m2/repository/net/minidev/json-smart/2.5.2/json-smart-2.5.2.jar:/home/luke/.m2/repository/net/minidev/accessors-smart/2.5.2/accessors-smart-2.5.2.jar:/home/luke/.m2/repository/org/ow2/asm/asm/9.7.1/asm-9.7.1.jar:/home/luke/.m2/repository/org/assertj/assertj-core/3.27.6/assertj-core-3.27.6.jar:/home/luke/.m2/repository/org/awaitility/awaitility/4.2.2/awaitility-4.2.2.jar:/home/luke/.m2/repository/org/hamcrest/hamcrest/3.0/hamcrest-3.0.jar:/home/luke/.m2/repository/org/skyscreamer/jsonassert/1.5.3/jsonassert-1.5.3.jar:/home/luke/.m2/repository/com/vaadin/external/google/android-json/0.0.20131108.vaadin1/android-json-0.0.20131108.vaadin1.jar:/home/luke/.m2/repository/org/springframework/spring-test/6.2.12/spring-test-6.2.12.jar:/home/luke/.m2/repository/org/xmlunit/xmlunit-core/2.10.4/xmlunit-core-2.10.4.jar:/home/luke/.m2/repository/org/jaudiotagger/2.0.3/jaudiotagger-2.0.3.jar:/home/luke/.m2/repository/com/drewnoakes/metadata-extractor/2.19.0/metadata-extractor-2.19.0.jar:/home/luke/.m2/repository/com/adobe/xmp/xmpcore/6.1.11/xmpcore-6.1.11.jar:/home/luke/.m2/repository/com/miglayout/miglayout-swing/11.3/miglayout-swing-11.3.jar:/home/luke/.m2/repository/com/miglayout/miglayout-core/11.3/miglayout-core-11.3.jar:/home/luke/.m2/repository/com/formdev/flatlaf/3.6.2/flatlaf-3.6.2.jar:/home/luke/.m2/repository/org/reflections/reflections/0.10.2/reflections-0.10.2.jar:/home/luke/.m2/repository/org/javassist/javassist/3.28.0-GA/javassist-3.28.0-GA.jar:/home/luke/.m2/repository/com/google/code/findbugs/jsr305/3.0.2/jsr305-3.0.2.jar:/home/luke/.m2/repository/org/junit/jupiter/junit-jupiter/5.12.0/junit-jupiter-5.12.0.jar:/home/luke/.m2/repository/org/junit/jupiter/junit-jupiter-api/5.12.0/junit-jupiter-api-5.12.0.jar:/home/luke/.m2/repository/org/opentest4j/opentest4j/1.3.0/opentest4j-1.3.0.jar:/home/luke/.m2/repository/org/junit/platform/junit-platform-commons/1.12.0/junit-platform-commons-1.12.0.jar:/home/luke/.m2/repository/org/apiguardian/apiguardian-api/1.1.2/apiguardian-api-1.1.2.jar:/home/luke/.m2/repository/org/junit/jupiter/junit-jupiter-params/5.12.0/junit-jupiter-params-5.12.0.jar:/home/luke/.m2/repository/org/junit/jupiter/junit-jupiter-engine/5.12.0/junit-jupiter-engine-5.12.0.jar:/home/luke/.m2/repository/org/junit/platform/junit-platform-engine/1.12.0/junit-platform-engine-1.12.0.jar:/home/luke/.m2/repository/org/mockito/mockito-core/5.14.2/mockito-core-5.14.2.jar:/home/luke/.m2/repository/net/bytebuddy/byte-buddy/1.15.4/byte-buddy-1.15.4.jar:/home/luke/.m2/repository/net/bytebuddy/byte-buddy-agent/1.15.4/byte-buddy-agent-1.15.4.jar:/home/luke/.m2/repository/org/objenesis/objenesis/3.3/objenesis-3.3.jar:/home/luke/.m2/repository/org/mockito/mockito-junit-jupiter/5.14.2/mockito-junit-jupiter-5.14.2.jar:"/>
    <property name="sun.cpu.endian" value="little"/>
    <property name="user.home" value="/home/luke"/>
    <property name="user.language" value="it"/>
    <property name="java.specification.vendor" value="Oracle Corporation"/>
    <property name="java.version.date" value="2025-07-15"/>
    <property name="java.home" value="/usr/lib/jvm/java-21-openjdk-amd64"/>
    <property name="file.separator" value="/"/>
    <property name="basedir" value="/home/luke/workspace/Noortools"/>
    <property name="java.vm.compressedOopsMode" value="Zero based"/>
    <property name="line.separator" value="&#10;"/>
    <property name="java.specification.name" value="Java Platform API Specification"/>
    <property name="java.vm.specification.vendor" value="Oracle Corporation"/>
    <property name="FILE_LOG_CHARSET" value="UTF-8"/>
    <property name="java.awt.headless" value="true"/>
    <property name="surefire.real.class.path" value="/home/luke/workspace/Noortools/target/surefire/surefirebooter-20251026001207561_3.jar"/>
    <property name="sun.management.compiler" value="HotSpot 64-Bit Tiered Compilers"/>
    <property name="java.runtime.version" value="21.0.8+9-Ubuntu-0ubuntu124.04.1"/>
    <property name="user.name" value="luke"/>
    <property name="stdout.encoding" value="UTF-8"/>
    <property name="path.separator" value=":"/>
    <property name="os.version" value="6.8.0-85-generic"/>
    <property name="java.runtime.name" value="OpenJDK Runtime Environment"/>
    <property name="file.encoding" value="UTF-8"/>
    <property name="java.vm.name" value="OpenJDK 64-Bit Server VM"/>
    <property name="localRepository" value="/home/luke/.m2/repository"/>
    <property name="java.vendor.url.bug" value="https://bugs.launchpad.net/ubuntu/+source/openjdk-21"/>
    <property name="java.io.tmpdir" value="/tmp"/>
    <property name="java.version" value="21.0.8"/>
    <property name="user.dir" value="/home/luke/workspace/Noortools"/>
    <property name="os.arch" value="amd64"/>
    <property name="java.vm.specification.name" value="Java Virtual Machine Specification"/>
    <property name="PID" value="364882"/>
    <property name="CONSOLE_LOG_CHARSET" value="UTF-8"/>
    <property name="native.encoding" value="UTF-8"/>
    <property name="java.library.path" value="/usr/java/packages/lib:/usr/lib/x86_64-linux-gnu/jni:/lib/x86_64-linux-gnu:/usr/lib/x86_64-linux-gnu:/usr/lib/jni:/lib:/usr/lib"/>
    <property name="java.vm.info" value="mixed mode, sharing"/>
    <property name="stderr.encoding" value="UTF-8"/>
    <property name="java.vendor" value="Ubuntu"/>
    <property name="java.vm.version" value="21.0.8+9-Ubuntu-0ubuntu124.04.1"/>
    <property name="sun.io.unicode.encoding" value="UnicodeLittle"/>
    <property name="java.class.version" value="65.0"/>
  </properties>
  <testcase name="testDecNTag" classname="org.ln.noortools.service.TagProcessorServiceIntegrationTest" time="0.783">
    <system-out><![CDATA[
  .   ____          _            __ _ _
 /\\ / ___'_ __ _ _(_)_ __  __ _ \ \ \ \
( ( )\___ | '_ | '_| | '_ \/ _` | \ \ \ \
 \\/  ___)| |_)| | | | | || (_| |  ) ) ) )
  '  |____| .__|_| |_|_| |_\__, | / / / /
 =========|_|==============|___/=/_/_/_/

 :: Spring Boot ::                (v3.5.7)

2025-10-26T00:12:08.924+02:00  INFO 364882 --- [           main] l.n.s.TagProcessorServiceIntegrationTest : Starting TagProcessorServiceIntegrationTest using Java 21.0.8 with PID 364882 (started by luke in /home/luke/workspace/Noortools)
2025-10-26T00:12:08.927+02:00  INFO 364882 --- [           main] l.n.s.TagProcessorServiceIntegrationTest : No active profile set, falling back to 1 default profile: "default"
2025-10-26T00:12:09.476+02:00  INFO 364882 --- [           main] org.reflections.Reflections              : Reflections took 39 ms to scan 2 urls, producing 1 keys and 10 values
Registered tag: inch -> org.ln.noortools.tag.IncH
Registered tag: incr -> org.ln.noortools.tag.IncR
Registered tag: decr -> org.ln.noortools.tag.DecR
Registered tag: randl -> org.ln.noortools.tag.RandL
Registered tag: incn -> org.ln.noortools.tag.IncN
Registered tag: word -> org.ln.noortools.tag.Word
Registered tag: decn -> org.ln.noortools.tag.DecN
Registered tag: randn -> org.ln.noortools.tag.RandN
Registered tag: subs -> org.ln.noortools.tag.Subs
Registered tag: incl -> org.ln.noortools.tag.IncL
2025-10-26T00:12:09.566+02:00  INFO 364882 --- [           main] l.n.s.TagProcessorServiceIntegrationTest : Started TagProcessorServiceIntegrationTest in 1.0 seconds (process running for 1.944)
]]></system-out>
    <system-err><![CDATA[Mockito is currently self-attaching to enable the inline-mock-maker. This will no longer work in future releases of the JDK. Please add Mockito as an agent to your build what is described in Mockito's documentation: https://javadoc.io/doc/org.mockito/mockito-core/latest/org/mockito/Mockito.html#0.3
WARNING: A Java agent has been loaded dynamically (/home/luke/.m2/repository/net/bytebuddy/byte-buddy-agent/1.15.4/byte-buddy-agent-1.15.4.jar)
WARNING: If a serviceability tool is in use, please run with -XX:+EnableDynamicAgentLoading to hide this warning
WARNING: If a serviceability tool is not in use, please run with -Djdk.instrument.traceUsage for more information
WARNING: Dynamic loading of agents will be disallowed by default in a future release
]]></system-err>
  </testcase>
  <testcase name="testIncNTag" classname="org.ln.noortools.service.TagProcessorServiceIntegrationTest" time="0.006"/>
  <testcase name="testSubsTag" classname="org.ln.noortools.service.TagProcessorServiceIntegrationTest" time="0.005"/>
</testsuite>